<?xml version="1.0" encoding="UTF-8"?>
<!-- Generated by org.testng.reporters.JUnitReportReporter -->
<testsuite hostname="SUBHRANSU" failures="0" tests="1" name="testng_Example.Exp_Wd_Testing" time="25.726" errors="0" timestamp="26 Nov 2023 16:58:57 GMT">
  <testcase classname="testng_Example.Exp_Wd_Testing" name="tc001" time="25.726"/>
</testsuite> <!-- testng_Example.Exp_Wd_Testing -->
