<?xml version="1.0" encoding="UTF-8"?>
<!-- Generated by org.testng.reporters.JUnitReportReporter -->
<testsuite hostname="SUBHRANSU" failures="0" tests="1" name="testng_Example.Exp_Wd_Testing1" time="16.538" errors="0" timestamp="2023-11-27T13:09:33 IST" skipped="0">
  <testcase classname="testng_Example.Exp_Wd_Testing1" name="tc001" time="16.538">
    <system-out>
      <![CDATA[nareshit
nareshit
Application Opened
Login completed
Logout completed]]>
    </system-out>
  </testcase> <!-- tc001 -->
  <system-out>
    <![CDATA[nareshit
nareshit
Application Opened
Login completed
Logout completed]]>
  </system-out>
</testsuite> <!-- testng_Example.Exp_Wd_Testing1 -->
