<?xml version="1.0" encoding="UTF-8"?>
<!-- Generated by org.testng.reporters.JUnitReportReporter -->
<testsuite hostname="SUBHRANSU" failures="0" tests="3" name="testng_Example.Exp_testing3" time="0.019" errors="0" timestamp="26 Nov 2023 15:28:25 GMT">
  <testcase classname="testng_Example.Exp_testing3" name="addemp" time="0.009"/>
  <testcase classname="testng_Example.Exp_testing3" name="delemp" time="0.002"/>
  <testcase classname="testng_Example.Exp_testing3" name="empid" time="0.008"/>
</testsuite> <!-- testng_Example.Exp_testing3 -->
